SuperVPN_Proje/openvpn/build/intermediates/manifest_merge_blame_file/uiOvpn23Debug/processUiOvpn23DebugManifest/manifest-merger-blame-ui-ovpn23-debug-report.txt
1<?xml version="1.0" encoding="utf-8"?>
2<!--
3  ~ Copyright (c) 2012-2019 Arne Schwabe
4  ~ Distributed under the GNU GPL v2 with additional terms. For full terms see the file doc/LICENSE.txt
5-->
6<manifest xmlns:android="http://schemas.android.com/apk/res/android"
7    xmlns:tools="http://schemas.android.com/tools"
8    package="de.blinkt.openvpn" >
9    <!--
10 This library wants SDK version 23 but we do runtime checks to not use it before
11        API 23
12    -->
13    <uses-sdk
13-->src\ui\AndroidManifest.xml:18:5-58
14        android:minSdkVersion="21"
15        tools:overrideLibrary="androidx.security" />
15-->src\ui\AndroidManifest.xml:18:15-56
16
17    <uses-feature
17-->src\ui\AndroidManifest.xml:9:5-11:40
18        android:name="android.software.leanback"
18-->src\ui\AndroidManifest.xml:10:13-53
19        android:required="false" />
19-->src\ui\AndroidManifest.xml:11:13-37
20    <uses-feature
20-->src\ui\AndroidManifest.xml:12:5-14:40
21        android:name="android.hardware.touchscreen"
21-->src\ui\AndroidManifest.xml:13:13-56
22        android:required="false" />
22-->src\ui\AndroidManifest.xml:14:13-37
23
24    <uses-permission android:name="android.permission.INTERNET" />
24-->src\main\AndroidManifest.xml:5:5-67
24-->src\main\AndroidManifest.xml:5:22-64
25    <uses-permission android:name="android.permission.ACCESS_NETWORK_STATE" />
25-->src\main\AndroidManifest.xml:6:5-79
25-->src\main\AndroidManifest.xml:6:22-76
26    <uses-permission android:name="android.permission.RECEIVE_BOOT_COMPLETED" />
26-->src\main\AndroidManifest.xml:7:5-81
26-->src\main\AndroidManifest.xml:7:22-78
27    <uses-permission android:name="android.permission.READ_EXTERNAL_STORAGE" />
27-->src\main\AndroidManifest.xml:8:5-80
27-->src\main\AndroidManifest.xml:8:22-77
28    <uses-permission android:name="android.permission.FOREGROUND_SERVICE" />
28-->src\main\AndroidManifest.xml:9:5-77
28-->src\main\AndroidManifest.xml:9:22-74
29    <uses-permission android:name="android.permission.POST_NOTIFICATIONS" />
29-->src\main\AndroidManifest.xml:10:5-77
29-->src\main\AndroidManifest.xml:10:22-74
30    <uses-permission android:name="android.permission.FOREGROUND_SERVICE_SPECIAL_USE" />
30-->src\main\AndroidManifest.xml:11:5-89
30-->src\main\AndroidManifest.xml:11:22-86
31    <uses-permission
31-->src\main\AndroidManifest.xml:13:5-14:53
32        android:name="android.permission.QUERY_ALL_PACKAGES"
32-->src\main\AndroidManifest.xml:13:22-74
33        tools:ignore="QueryAllPackagesPermission" />
33-->src\main\AndroidManifest.xml:14:9-50
34
35    <application
35-->src\main\AndroidManifest.xml:16:5-113:19
36        android:banner="@mipmap/banner_tv"
36-->src\ui\AndroidManifest.xml:20:18-52
37        tools:ignore="UnusedAttribute, MissingApplicationIcon" >
37-->src\main\AndroidManifest.xml:17:9-63
38        <activity
38-->src\ui\AndroidManifest.xml:21:9-42:20
39            android:name="de.blinkt.openvpn.activities.MainActivity"
39-->src\ui\AndroidManifest.xml:23:17-56
40            android:exported="true"
40-->src\ui\AndroidManifest.xml:22:17-40
41            tools:ignore="ExportedActivity" >
41-->src\ui\AndroidManifest.xml:24:17-48
42            <intent-filter>
42-->src\ui\AndroidManifest.xml:25:13-31:29
43                <action android:name="android.intent.action.MAIN" />
43-->src\ui\AndroidManifest.xml:26:17-69
43-->src\ui\AndroidManifest.xml:26:25-66
44
45                <category android:name="android.intent.category.LEANBACK_LAUNCHER" />
45-->src\ui\AndroidManifest.xml:28:17-86
45-->src\ui\AndroidManifest.xml:28:27-83
46                <category android:name="android.intent.category.BROWSABLE" />
46-->src\ui\AndroidManifest.xml:29:17-78
46-->src\ui\AndroidManifest.xml:29:27-75
47                <category android:name="android.intent.category.LAUNCHER" />
47-->src\ui\AndroidManifest.xml:30:17-77
47-->src\ui\AndroidManifest.xml:30:27-74
48            </intent-filter>
49            <intent-filter>
49-->src\ui\AndroidManifest.xml:32:13-34:29
50                <action android:name="android.service.quicksettings.action.QS_TILE_PREFERENCES" />
50-->src\ui\AndroidManifest.xml:33:17-99
50-->src\ui\AndroidManifest.xml:33:25-96
51            </intent-filter>
52            <intent-filter>
52-->src\ui\AndroidManifest.xml:35:13-41:29
53                <action android:name="android.intent.action.VIEW" />
53-->src\ui\AndroidManifest.xml:36:17-69
53-->src\ui\AndroidManifest.xml:36:25-66
54
55                <category android:name="android.intent.category.DEFAULT" />
55-->src\ui\AndroidManifest.xml:37:17-76
55-->src\ui\AndroidManifest.xml:37:27-73
56                <category android:name="android.intent.category.BROWSABLE" />
56-->src\ui\AndroidManifest.xml:29:17-78
56-->src\ui\AndroidManifest.xml:29:27-75
57
58                <data android:scheme="openvpn" />
58-->src\ui\AndroidManifest.xml:39:17-50
58-->src\ui\AndroidManifest.xml:39:23-47
59                <data android:host="import-profile" />
59-->src\ui\AndroidManifest.xml:39:17-50
59-->src\ui\AndroidManifest.xml:40:23-52
60            </intent-filter>
61        </activity>
62        <activity android:name="de.blinkt.openvpn.activities.InternalWebView" />
62-->src\ui\AndroidManifest.xml:43:9-64
62-->src\ui\AndroidManifest.xml:43:19-61
63        <activity
63-->src\ui\AndroidManifest.xml:44:9-46:56
64            android:name="de.blinkt.openvpn.activities.CredentialsPopup"
64-->src\ui\AndroidManifest.xml:45:17-60
65            android:theme="@style/blinkt.dialog" />
65-->src\ui\AndroidManifest.xml:46:17-53
66        <activity
66-->src\ui\AndroidManifest.xml:49:9-53:51
67            android:name="de.blinkt.openvpn.activities.LogWindow"
67-->src\ui\AndroidManifest.xml:50:17-53
68            android:allowTaskReparenting="true"
68-->src\ui\AndroidManifest.xml:51:17-52
69            android:label="@string/openvpn_log"
69-->src\ui\AndroidManifest.xml:52:17-52
70            android:launchMode="singleTask" />
70-->src\ui\AndroidManifest.xml:53:17-48
71        <activity
71-->src\ui\AndroidManifest.xml:55:9-58:61
72            android:name="de.blinkt.openvpn.activities.VPNPreferences"
72-->src\ui\AndroidManifest.xml:56:17-58
73            android:exported="false"
73-->src\ui\AndroidManifest.xml:57:17-41
74            android:windowSoftInputMode="stateHidden" />
74-->src\ui\AndroidManifest.xml:58:17-58
75        <activity android:name="de.blinkt.openvpn.activities.FileSelect" />
75-->src\ui\AndroidManifest.xml:60:9-59
75-->src\ui\AndroidManifest.xml:60:19-56
76
77        <service
77-->src\ui\AndroidManifest.xml:61:9-75:19
78            android:name="de.blinkt.openvpn.OpenVPNTileService"
78-->src\ui\AndroidManifest.xml:63:17-51
79            android:exported="true"
79-->src\ui\AndroidManifest.xml:62:17-40
80            android:icon="@drawable/ic_quick"
80-->src\ui\AndroidManifest.xml:64:17-50
81            android:label="@string/qs_title"
81-->src\ui\AndroidManifest.xml:65:17-49
82            android:permission="android.permission.BIND_QUICK_SETTINGS_TILE"
82-->src\ui\AndroidManifest.xml:66:17-81
83            android:value="true" >
83-->src\ui\AndroidManifest.xml:67:17-37
84            <intent-filter>
84-->src\ui\AndroidManifest.xml:68:13-70:29
85                <action android:name="android.service.quicksettings.action.QS_TILE" />
85-->src\ui\AndroidManifest.xml:69:17-87
85-->src\ui\AndroidManifest.xml:69:25-84
86            </intent-filter>
87
88            <meta-data
88-->src\ui\AndroidManifest.xml:72:13-74:45
89                android:name="android.service.quicksettings.ACTIVE_TILE"
89-->src\ui\AndroidManifest.xml:73:21-77
90                android:value="false" />
90-->src\ui\AndroidManifest.xml:74:21-42
91        </service>
92
93        <activity
93-->src\ui\AndroidManifest.xml:76:9-121:20
94            android:name="de.blinkt.openvpn.activities.ConfigConverter"
94-->src\ui\AndroidManifest.xml:77:17-59
95            android:excludeFromRecents="true"
95-->src\ui\AndroidManifest.xml:79:17-50
96            android:exported="true"
96-->src\ui\AndroidManifest.xml:78:17-40
97            android:label="Convert Config File"
97-->src\ui\AndroidManifest.xml:80:17-52
98            android:taskAffinity=".ConfigConverter"
98-->src\ui\AndroidManifest.xml:81:17-56
99            android:uiOptions="splitActionBarWhenNarrow"
99-->src\ui\AndroidManifest.xml:82:17-61
100            tools:ignore="ExportedActivity" >
100-->src\ui\AndroidManifest.xml:83:17-48
101            <intent-filter
101-->src\ui\AndroidManifest.xml:84:13-93:29
102                android:label="@string/import_config"
102-->src\ui\AndroidManifest.xml:85:21-58
103                tools:ignore="AppLinkUrlError" >
103-->src\ui\AndroidManifest.xml:86:21-51
104                <action android:name="android.intent.action.VIEW" />
104-->src\ui\AndroidManifest.xml:36:17-69
104-->src\ui\AndroidManifest.xml:36:25-66
105
106                <category android:name="android.intent.category.DEFAULT" />
106-->src\ui\AndroidManifest.xml:37:17-76
106-->src\ui\AndroidManifest.xml:37:27-73
107                <category android:name="android.intent.category.BROWSABLE" />
107-->src\ui\AndroidManifest.xml:29:17-78
107-->src\ui\AndroidManifest.xml:29:27-75
108
109                <data android:mimeType="application/x-openvpn-profile" />
109-->src\ui\AndroidManifest.xml:39:17-50
109-->src\ui\AndroidManifest.xml:92:23-71
110            </intent-filter>
111            <intent-filter
111-->src\ui\AndroidManifest.xml:94:13-103:29
112                android:label="@string/import_config"
112-->src\ui\AndroidManifest.xml:95:21-58
113                tools:ignore="AppLinkUrlError" >
113-->src\ui\AndroidManifest.xml:96:21-51
114                <action android:name="android.intent.action.VIEW" />
114-->src\ui\AndroidManifest.xml:36:17-69
114-->src\ui\AndroidManifest.xml:36:25-66
115
116                <category android:name="android.intent.category.DEFAULT" />
116-->src\ui\AndroidManifest.xml:37:17-76
116-->src\ui\AndroidManifest.xml:37:27-73
117                <category android:name="android.intent.category.BROWSABLE" />
117-->src\ui\AndroidManifest.xml:29:17-78
117-->src\ui\AndroidManifest.xml:29:27-75
118
119                <data android:mimeType="application/ovpn" />
119-->src\ui\AndroidManifest.xml:39:17-50
119-->src\ui\AndroidManifest.xml:92:23-71
120            </intent-filter>
121            <intent-filter android:label="@string/import_config" >
121-->src\ui\AndroidManifest.xml:104:13-120:29
121-->src\ui\AndroidManifest.xml:104:28-65
122
123                <!-- http://stackoverflow.com/questions/7f030832/associating-certain-file-extension-to-my-android-application/7102838#7102838 -->
124                <action android:name="android.intent.action.VIEW" />
124-->src\ui\AndroidManifest.xml:36:17-69
124-->src\ui\AndroidManifest.xml:36:25-66
125
126                <category android:name="android.intent.category.BROWSABLE" />
126-->src\ui\AndroidManifest.xml:29:17-78
126-->src\ui\AndroidManifest.xml:29:27-75
127                <category android:name="android.intent.category.DEFAULT" />
127-->src\ui\AndroidManifest.xml:37:17-76
127-->src\ui\AndroidManifest.xml:37:27-73
128
129                <data android:mimeType="*/*" />
129-->src\ui\AndroidManifest.xml:39:17-50
129-->src\ui\AndroidManifest.xml:92:23-71
130                <data android:scheme="content" />
130-->src\ui\AndroidManifest.xml:39:17-50
130-->src\ui\AndroidManifest.xml:39:23-47
131                <data android:host="*" />
131-->src\ui\AndroidManifest.xml:39:17-50
131-->src\ui\AndroidManifest.xml:40:23-52
132                <data android:pathPattern=".*..*..*..*..*.ovpn" />
132-->src\ui\AndroidManifest.xml:39:17-50
132-->src\ui\AndroidManifest.xml:115:23-64
133                <data android:pathPattern=".*..*..*..*.ovpn" />
133-->src\ui\AndroidManifest.xml:39:17-50
133-->src\ui\AndroidManifest.xml:115:23-64
134                <data android:pathPattern=".*..*..*.ovpn" />
134-->src\ui\AndroidManifest.xml:39:17-50
134-->src\ui\AndroidManifest.xml:115:23-64
135                <data android:pathPattern=".*..*.ovpn" />
135-->src\ui\AndroidManifest.xml:39:17-50
135-->src\ui\AndroidManifest.xml:115:23-64
136                <data android:pathPattern=".*.ovpn" />
136-->src\ui\AndroidManifest.xml:39:17-50
136-->src\ui\AndroidManifest.xml:115:23-64
137            </intent-filter>
138        </activity> <!-- https://commonsware.com/blog/2019/03/27/death-external-storage-stay-away-files.html -->
139        <activity-alias
139-->src\ui\AndroidManifest.xml:122:9-142:26
140            android:name="de.blinkt.openvpn.activities.ConfigConverterFile"
140-->src\ui\AndroidManifest.xml:124:17-63
141            android:enabled="@bool/supportFileScheme"
141-->src\ui\AndroidManifest.xml:125:17-58
142            android:exported="true"
142-->src\ui\AndroidManifest.xml:123:17-40
143            android:targetActivity="de.blinkt.openvpn.activities.ConfigConverter" >
143-->src\ui\AndroidManifest.xml:126:17-69
144            <intent-filter>
144-->src\ui\AndroidManifest.xml:127:13-141:29
145                <action android:name="android.intent.action.VIEW" />
145-->src\ui\AndroidManifest.xml:36:17-69
145-->src\ui\AndroidManifest.xml:36:25-66
146
147                <category android:name="android.intent.category.BROWSABLE" />
147-->src\ui\AndroidManifest.xml:29:17-78
147-->src\ui\AndroidManifest.xml:29:27-75
148                <category android:name="android.intent.category.DEFAULT" />
148-->src\ui\AndroidManifest.xml:37:17-76
148-->src\ui\AndroidManifest.xml:37:27-73
149
150                <data android:mimeType="*/*" />
150-->src\ui\AndroidManifest.xml:39:17-50
150-->src\ui\AndroidManifest.xml:92:23-71
151                <data android:scheme="file" />
151-->src\ui\AndroidManifest.xml:39:17-50
151-->src\ui\AndroidManifest.xml:39:23-47
152                <data android:host="*" />
152-->src\ui\AndroidManifest.xml:39:17-50
152-->src\ui\AndroidManifest.xml:40:23-52
153                <data android:pathPattern=".*..*..*..*..*.ovpn" />
153-->src\ui\AndroidManifest.xml:39:17-50
153-->src\ui\AndroidManifest.xml:115:23-64
154                <data android:pathPattern=".*..*..*..*.ovpn" />
154-->src\ui\AndroidManifest.xml:39:17-50
154-->src\ui\AndroidManifest.xml:115:23-64
155                <data android:pathPattern=".*..*..*.ovpn" />
155-->src\ui\AndroidManifest.xml:39:17-50
155-->src\ui\AndroidManifest.xml:115:23-64
156                <data android:pathPattern=".*..*.ovpn" />
156-->src\ui\AndroidManifest.xml:39:17-50
156-->src\ui\AndroidManifest.xml:115:23-64
157                <data android:pathPattern=".*.ovpn" />
157-->src\ui\AndroidManifest.xml:39:17-50
157-->src\ui\AndroidManifest.xml:115:23-64
158            </intent-filter>
159        </activity-alias>
160
161        <activity
161-->src\ui\AndroidManifest.xml:144:9-156:20
162            android:name="de.blinkt.openvpn.activities.CreateShortcuts"
162-->src\ui\AndroidManifest.xml:146:17-59
163            android:excludeFromRecents="true"
163-->src\ui\AndroidManifest.xml:147:17-50
164            android:exported="true"
164-->src\ui\AndroidManifest.xml:145:17-40
165            android:label="@string/vpn_shortcut"
165-->src\ui\AndroidManifest.xml:148:17-53
166            android:taskAffinity=".CreateShortcuts"
166-->src\ui\AndroidManifest.xml:149:17-56
167            android:theme="@android:style/Theme.DeviceDefault.Light.DialogWhenLarge" >
167-->src\ui\AndroidManifest.xml:150:17-89
168            <intent-filter>
168-->src\ui\AndroidManifest.xml:151:13-155:29
169                <action android:name="android.intent.action.CREATE_SHORTCUT" />
169-->src\ui\AndroidManifest.xml:152:17-80
169-->src\ui\AndroidManifest.xml:152:25-77
170
171                <category android:name="android.intent.category.DEFAULT" />
171-->src\ui\AndroidManifest.xml:37:17-76
171-->src\ui\AndroidManifest.xml:37:27-73
172            </intent-filter>
173        </activity>
174        <activity
174-->src\ui\AndroidManifest.xml:158:9-166:20
175            android:name="de.blinkt.openvpn.activities.OpenSSLSpeed"
175-->src\ui\AndroidManifest.xml:160:17-56
176            android:exported="false"
176-->src\ui\AndroidManifest.xml:159:17-41
177            android:label="@string/title_activity_open_sslspeed"
177-->src\ui\AndroidManifest.xml:161:17-69
178            android:parentActivityName="de.blinkt.openvpn.activities.MainActivity" >
178-->src\ui\AndroidManifest.xml:162:17-70
179            <meta-data
179-->src\ui\AndroidManifest.xml:163:13-165:81
180                android:name="android.support.PARENT_ACTIVITY"
180-->src\ui\AndroidManifest.xml:164:21-67
181                android:value="de.blinkt.openvpn.activities.MainActivity" />
181-->src\ui\AndroidManifest.xml:165:21-78
182        </activity>
183
184        <provider
184-->src\ui\AndroidManifest.xml:169:9-174:58
185            android:name="de.blinkt.openvpn.FileProvider"
185-->src\ui\AndroidManifest.xml:170:17-45
186            android:authorities="${applicationId}.FileProvider"
186-->src\ui\AndroidManifest.xml:171:17-68
187            android:exported="true"
187-->src\ui\AndroidManifest.xml:172:17-40
188            android:grantUriPermissions="true"
188-->src\ui\AndroidManifest.xml:173:17-51
189            tools:ignore="ExportedContentProvider" />
189-->src\ui\AndroidManifest.xml:174:17-55
190
191        <meta-data
191-->src\main\AndroidManifest.xml:19:9-21:56
192            android:name="android.content.APP_RESTRICTIONS"
192-->src\main\AndroidManifest.xml:20:13-60
193            android:resource="@xml/app_restrictions" />
193-->src\main\AndroidManifest.xml:21:13-53
194
195        <activity
195-->src\main\AndroidManifest.xml:23:9-29:52
196            android:name="de.blinkt.openvpn.activities.DisconnectVPN"
196-->src\main\AndroidManifest.xml:24:13-53
197            android:autoRemoveFromRecents="true"
197-->src\main\AndroidManifest.xml:25:13-49
198            android:excludeFromRecents="true"
198-->src\main\AndroidManifest.xml:26:13-46
199            android:noHistory="true"
199-->src\main\AndroidManifest.xml:27:13-37
200            android:taskAffinity=".DisconnectVPN"
200-->src\main\AndroidManifest.xml:28:13-50
201            android:theme="@style/blinkt.dialog" />
201-->src\main\AndroidManifest.xml:29:13-49
202
203        <service
203-->src\main\AndroidManifest.xml:31:9-41:19
204            android:name="de.blinkt.openvpn.core.OpenVPNService"
204-->src\main\AndroidManifest.xml:32:13-48
205            android:exported="true"
205-->src\main\AndroidManifest.xml:33:13-36
206            android:foregroundServiceType="specialUse"
206-->src\main\AndroidManifest.xml:35:13-55
207            android:permission="android.permission.BIND_VPN_SERVICE"
207-->src\main\AndroidManifest.xml:34:13-69
208            android:process=":openvpn" >
208-->src\main\AndroidManifest.xml:36:13-39
209            <intent-filter>
209-->src\main\AndroidManifest.xml:37:13-39:29
210                <action android:name="android.net.VpnService" />
210-->src\main\AndroidManifest.xml:38:17-65
210-->src\main\AndroidManifest.xml:38:25-62
211            </intent-filter>
212
213            <property
213-->src\main\AndroidManifest.xml:40:13-104
214                android:name="android.app.PROPERTY_SPECIAL_USE_FGS_SUBTYPE"
214-->src\main\AndroidManifest.xml:40:23-82
215                android:value="vpn" />
215-->src\main\AndroidManifest.xml:40:83-102
216        </service>
217        <service
217-->src\main\AndroidManifest.xml:43:9-51:19
218            android:name="de.blinkt.openvpn.api.ExternalOpenVPNService"
218-->src\main\AndroidManifest.xml:44:13-55
219            android:exported="true"
219-->src\main\AndroidManifest.xml:46:13-36
220            android:process=":openvpn"
220-->src\main\AndroidManifest.xml:45:13-39
221            tools:ignore="ExportedService" >
221-->src\main\AndroidManifest.xml:47:13-43
222            <intent-filter>
222-->src\main\AndroidManifest.xml:48:13-50:29
223                <action android:name="de.blinkt.openvpn.api.IOpenVPNAPIService" />
223-->src\main\AndroidManifest.xml:49:17-83
223-->src\main\AndroidManifest.xml:49:25-80
224            </intent-filter>
225        </service>
226        <service
226-->src\main\AndroidManifest.xml:53:9-56:42
227            android:name="de.blinkt.openvpn.core.OpenVPNStatusService"
227-->src\main\AndroidManifest.xml:54:13-54
228            android:exported="false"
228-->src\main\AndroidManifest.xml:55:13-37
229            android:process=":openvpn" />
229-->src\main\AndroidManifest.xml:56:13-39
230
231        <activity
231-->src\main\AndroidManifest.xml:58:9-59:39
232            android:name="de.blinkt.openvpn.api.GrantPermissionsActivity"
232-->src\main\AndroidManifest.xml:58:19-63
233            android:exported="true" />
233-->src\main\AndroidManifest.xml:59:13-36
234        <activity
234-->src\main\AndroidManifest.xml:61:9-62:39
235            android:name="de.blinkt.openvpn.api.ConfirmDialog"
235-->src\main\AndroidManifest.xml:61:19-52
236            android:exported="true" />
236-->src\main\AndroidManifest.xml:62:13-36
237
238        <receiver
238-->src\main\AndroidManifest.xml:64:9-70:20
239            android:name="de.blinkt.openvpn.OnBootReceiver"
239-->src\main\AndroidManifest.xml:64:19-49
240            android:exported="true" >
240-->src\main\AndroidManifest.xml:65:13-36
241            <intent-filter android:priority="999" >
241-->src\main\AndroidManifest.xml:66:13-69:29
241-->src\main\AndroidManifest.xml:66:28-50
242                <action android:name="android.intent.action.BOOT_COMPLETED" />
242-->src\main\AndroidManifest.xml:67:17-79
242-->src\main\AndroidManifest.xml:67:25-76
243                <action android:name="android.intent.action.MY_PACKAGE_REPLACED" />
243-->src\main\AndroidManifest.xml:68:17-84
243-->src\main\AndroidManifest.xml:68:25-81
244            </intent-filter>
245        </receiver>
246
247        <service
247-->src\main\AndroidManifest.xml:72:9-75:71
248            android:name="de.blinkt.openvpn.core.keepVPNAlive"
248-->src\main\AndroidManifest.xml:72:18-51
249            android:exported="true"
249-->src\main\AndroidManifest.xml:74:13-36
250            android:permission="android.permission.BIND_JOB_SERVICE"
250-->src\main\AndroidManifest.xml:75:13-69
251            android:process=":openvpn" />
251-->src\main\AndroidManifest.xml:73:13-39
252
253        <activity
253-->src\main\AndroidManifest.xml:77:9-85:20
254            android:name="de.blinkt.openvpn.LaunchVPN"
254-->src\main\AndroidManifest.xml:78:13-38
255            android:autoRemoveFromRecents="true"
255-->src\main\AndroidManifest.xml:79:13-49
256            android:excludeFromRecents="true"
256-->src\main\AndroidManifest.xml:80:13-46
257            android:exported="true"
257-->src\main\AndroidManifest.xml:84:13-36
258            android:label="@string/vpn_launch_title"
258-->src\main\AndroidManifest.xml:81:13-53
259            android:taskAffinity=".LaunchVPN"
259-->src\main\AndroidManifest.xml:82:13-46
260            android:theme="@style/blinkt.dialog" >
260-->src\main\AndroidManifest.xml:83:13-49
261        </activity>
262        <activity
262-->src\main\AndroidManifest.xml:87:9-94:15
263            android:name="de.blinkt.openvpn.api.RemoteAction"
263-->src\main\AndroidManifest.xml:87:19-51
264            android:autoRemoveFromRecents="true"
264-->src\main\AndroidManifest.xml:89:13-49
265            android:excludeFromRecents="true"
265-->src\main\AndroidManifest.xml:90:13-46
266            android:launchMode="singleInstance"
266-->src\main\AndroidManifest.xml:88:13-48
267            android:noHistory="true"
267-->src\main\AndroidManifest.xml:93:13-37
268            android:taskAffinity=".LaunchVPN"
268-->src\main\AndroidManifest.xml:91:13-46
269            android:theme="@style/blinkt.dialog" />
269-->src\main\AndroidManifest.xml:92:13-49
270
271        <activity-alias
271-->src\main\AndroidManifest.xml:108:9-111:58
272            android:name="de.blinkt.openvpn.api.ResumeVPN"
272-->src\main\AndroidManifest.xml:109:13-42
273            android:exported="true"
273-->src\main\AndroidManifest.xml:110:13-36
274            android:targetActivity="de.blinkt.openvpn.api.RemoteAction" />
274-->src\main\AndroidManifest.xml:111:13-55
275        <activity-alias
275-->src\main\AndroidManifest.xml:104:9-107:58
276            android:name="de.blinkt.openvpn.api.PauseVPN"
276-->src\main\AndroidManifest.xml:105:13-41
277            android:exported="true"
277-->src\main\AndroidManifest.xml:106:13-36
278            android:targetActivity="de.blinkt.openvpn.api.RemoteAction" />
278-->src\main\AndroidManifest.xml:107:13-55
279        <activity-alias
279-->src\main\AndroidManifest.xml:100:9-103:58
280            android:name="de.blinkt.openvpn.api.DisconnectVPN"
280-->src\main\AndroidManifest.xml:101:13-46
281            android:exported="true"
281-->src\main\AndroidManifest.xml:102:13-36
282            android:targetActivity="de.blinkt.openvpn.api.RemoteAction" />
282-->src\main\AndroidManifest.xml:103:13-55
283        <activity-alias
283-->src\main\AndroidManifest.xml:96:9-99:58
284            android:name="de.blinkt.openvpn.api.ConnectVPN"
284-->src\main\AndroidManifest.xml:97:13-43
285            android:exported="true"
285-->src\main\AndroidManifest.xml:98:13-36
286            android:targetActivity="de.blinkt.openvpn.api.RemoteAction" />
286-->src\main\AndroidManifest.xml:99:13-55
287    </application>
288
289</manifest>